<?xml version="1.0" encoding="UTF-8"?>
<!-- Generated by org.testng.reporters.JUnitReportReporter -->
<testsuite hostname="HP" failures="0" tests="1" name="com.training.regression.tests.LoginExcelTest" time="106.564" errors="0" timestamp="16 Dec 2020 07:16:13 GMT" skipped="0">
  <testcase classname="com.training.regression.tests.LoginExcelTest" name="user" time="106.564"/>
</testsuite> <!-- com.training.regression.tests.LoginExcelTest -->
